\BOOKMARK [1][-]{section.1}{\376\377\0001\000\040\137\025\212\000}{}% 1
\BOOKMARK [2][-]{subsection.1.1}{\376\377\0001\000.\0001\000\040\170\024\172\166\200\314\146\157}{section.1}% 2
\BOOKMARK [2][-]{subsection.1.2}{\376\377\0001\000.\0002\000\040\215\205\127\107\123\000\140\047}{section.1}% 3
\BOOKMARK [2][-]{subsection.1.3}{\376\377\0001\000.\0003\000\040\123\315\143\222\122\027\166\370\116\222\117\134\165\050}{section.1}% 4
\BOOKMARK [2][-]{subsection.1.4}{\376\377\0001\000.\0004\000\040\213\272\145\207\166\204\116\073\211\201\215\041\163\056}{section.1}% 5
\BOOKMARK [1][-]{section.2}{\376\377\0002\000\040\116\000\176\364\145\131\133\146\152\041\127\213}{}% 6
\BOOKMARK [2][-]{subsection.2.1}{\376\377\0002\000.\0001\000\040\152\041\127\213\133\232\116\111}{section.2}% 7
\BOOKMARK [2][-]{subsection.2.2}{\376\377\0002\000.\0002\000\040\000M\000a\000s\000t\000e\000r\000\040\145\271\172\013}{section.2}% 8
\BOOKMARK [3][-]{subsubsection.2.2.1}{\376\377\0002\000.\0002\000.\0001\000\040\151\202\163\207\155\101\166\204\121\167\117\123\210\150\217\276\137\017}{subsection.2.2}% 9
\BOOKMARK [2][-]{subsection.2.3}{\376\377\0002\000.\0003\000\040\000P\000o\000i\000s\000s\000o\000n\000\040\210\150\171\072\154\325}{section.2}% 10
\BOOKMARK [3][-]{subsubsection.2.3.1}{\376\377\0002\000.\0003\000.\0001\000\040\150\070\137\303\140\035\140\363}{subsection.2.3}% 11
\BOOKMARK [3][-]{subsubsection.2.3.2}{\376\377\0002\000.\0003\000.\0002\000\040\116\316\116\000\202\054\171\273\145\143\217\307\172\013\122\060\000\040\000P\000o\000i\000s\000s\000o\000n\000\040\217\307\172\013\166\204\116\015\123\071\221\115}{subsection.2.3}% 12
\BOOKMARK [3][-]{subsubsection.2.3.3}{\376\377\0002\000.\0003\000.\0003\000\040\146\377\143\142\211\304\122\031\377\032\116\316\000\040\000M\000a\000s\000t\000e\000r\000\040\145\271\172\013\122\060\000\040\000F\000o\000k\000k\000e\000r\000-\000P\000l\000a\000n\000c\000k\000\040\145\271\172\013}{subsection.2.3}% 13
\BOOKMARK [3][-]{subsubsection.2.3.4}{\376\377\0002\000.\0003\000.\0004\000\040\213\346\176\306\143\250\133\374\377\032\146\377\143\142\211\304\122\031\166\204\203\267\137\227}{subsection.2.3}% 14
\BOOKMARK [2][-]{subsection.2.4}{\376\377\0002\000.\0004\000\040\000F\000o\000k\000k\000e\000r\000-\000P\000l\000a\000n\000c\000k\000\040\145\271\172\013}{section.2}% 15
\BOOKMARK [3][-]{subsubsection.2.4.1}{\376\377\0002\000.\0004\000.\0001\000\040\155\101\122\250\215\041\163\056\000\040\000F}{subsection.2.4}% 16
\BOOKMARK [3][-]{subsubsection.2.4.2}{\376\377\0002\000.\0004\000.\0002\000\040\217\154\143\142\215\041\163\056\000\040\000F\000r}{subsection.2.4}% 17
\BOOKMARK [3][-]{subsubsection.2.4.3}{\376\377\0002\000.\0004\000.\0003\000\040\126\152\130\360\230\171\000\040\000J}{subsection.2.4}% 18
\BOOKMARK [2][-]{subsection.2.5}{\376\377\0002\000.\0005\000\040\170\156\133\232\140\047\122\250\122\233\133\146\145\271\172\013}{section.2}% 19
\BOOKMARK [2][-]{subsection.2.6}{\376\377\0002\000.\0006\000\040\126\152\130\360\122\006\147\220}{section.2}% 20
\BOOKMARK [3][-]{subsubsection.2.6.1}{\376\377\0002\000.\0006\000.\0001\000\040\167\351\226\065\136\163\145\271\150\071\116\016\206\132\126\152\130\360}{subsection.2.6}% 21
\BOOKMARK [2][-]{subsection.2.7}{\376\377\0002\000.\0007\000\040\000L\000a\000n\000g\000e\000v\000i\000n\000\040\145\271\172\013}{section.2}% 22
\BOOKMARK [2][-]{subsection.2.8}{\376\377\0002\000.\0008\000\040\176\323\147\204\126\340\133\120\166\204\211\343\147\220\213\241\173\227}{section.2}% 23
\BOOKMARK [3][-]{subsubsection.2.8.1}{\376\377\0002\000.\0008\000.\0001\000\040\176\277\140\047\123\026\116\016\173\200\123\026}{subsection.2.8}% 24
\BOOKMARK [3][-]{subsubsection.2.8.2}{\376\377\0002\000.\0008\000.\0002\000\040\217\307\226\073\134\074\217\321\117\074}{subsection.2.8}% 25
\BOOKMARK [3][-]{subsubsection.2.8.3}{\376\377\0002\000.\0008\000.\0003\000\040\116\000\226\066\000\040\000L\000a\000n\000g\000e\000v\000i\000n\000\040\145\271\172\013}{subsection.2.8}% 26
\BOOKMARK [3][-]{subsubsection.2.8.4}{\376\377\0002\000.\0008\000.\0004\000\040\121\163\200\124\126\152\130\360\166\204\133\232\116\111}{subsection.2.8}% 27
\BOOKMARK [3][-]{subsubsection.2.8.5}{\376\377\0002\000.\0008\000.\0005\000\040\176\323\147\204\126\340\133\120\166\204\147\000\176\310\210\150\217\276\137\017}{subsection.2.8}% 28
\BOOKMARK [3][-]{subsubsection.2.8.6}{\376\377\0002\000.\0008\000.\0006\000\040\162\151\164\006\122\006\147\220}{subsection.2.8}% 29
\BOOKMARK [2][-]{subsection.2.9}{\376\377\0002\000.\0009\000\040\145\160\120\074\232\214\213\301\377\010\116\000\176\364\152\041\127\213\377\011}{section.2}% 30
\BOOKMARK [1][-]{section.3}{\376\377\0003\000\040\116\214\176\364\000\040\000V\000i\000c\000s\000e\000k\000-\000l\000i\000k\000e\000\040\152\041\127\213}{}% 31
\BOOKMARK [2][-]{subsection.3.1}{\376\377\0003\000.\0001\000\040\152\041\127\213\133\232\116\111}{section.3}% 32
\BOOKMARK [3][-]{subsubsection.3.1.1}{\376\377\0003\000.\0001\000.\0001\000\040\217\320\122\250\145\271\172\013}{subsection.3.1}% 33
\BOOKMARK [2][-]{subsection.3.2}{\376\377\0003\000.\0002\000\040\145\160\120\074\152\041\142\337\145\271\154\325}{section.3}% 34
\BOOKMARK [3][-]{subsubsection.3.2.1}{\376\377\0003\000.\0002\000.\0001\000\040\152\041\142\337\123\302\145\160}{subsection.3.2}% 35
\BOOKMARK [3][-]{subsubsection.3.2.2}{\376\377\0003\000.\0002\000.\0002\000\040\116\064\165\114\126\152\130\360\166\204\117\060\213\241}{subsection.3.2}% 36
\BOOKMARK [2][-]{subsection.3.3}{\376\377\0003\000.\0003\000\040\145\160\120\074\176\323\147\234}{section.3}% 37
\BOOKMARK [3][-]{subsubsection.3.3.1}{\376\377\0003\000.\0003\000.\0001\000\040\210\150\211\302\215\205\127\107\123\000\210\114\116\072}{subsection.3.3}% 38
\BOOKMARK [3][-]{subsubsection.3.3.2}{\376\377\0003\000.\0003\000.\0002\000\040\133\371\206\132\120\107\215\205\127\107\123\000\140\047\166\204\213\146\124\112}{subsection.3.3}% 39
\BOOKMARK [3][-]{subsubsection.3.3.3}{\376\377\0003\000.\0003\000.\0003\000\040\123\302\145\160\172\172\225\364\166\204\143\242\175\042}{subsection.3.3}% 40
\BOOKMARK [3][-]{subsubsection.3.3.4}{\376\377\0003\000.\0003\000.\0004\000\040\126\152\130\360\133\374\201\364\166\204\145\110\136\224\135\051\156\203}{subsection.3.3}% 41
\BOOKMARK [1][-]{section.4}{\376\377\0004\000\040\140\073\176\323\116\016\213\250\213\272}{}% 42
\BOOKMARK [2][-]{subsection.4.1}{\376\377\0004\000.\0001\000\040\116\073\211\201\176\323\213\272}{section.4}% 43
\BOOKMARK [2][-]{subsection.4.2}{\376\377\0004\000.\0002\000\040\164\006\213\272\145\271\154\325\166\204\116\367\120\074}{section.4}% 44
\BOOKMARK [2][-]{subsection.4.3}{\376\377\0004\000.\0003\000\040\137\000\145\076\225\356\230\230}{section.4}% 45
