\BOOKMARK [1][-]{section.1}{\376\377\0001\000\040\000I\000n\000t\000r\000o\000d\000u\000c\000t\000i\000o\000n}{}% 1
\BOOKMARK [2][-]{subsection.1.1}{\376\377\0001\000.\0001\000\040\000R\000e\000s\000e\000a\000r\000c\000h\000\040\000B\000a\000c\000k\000g\000r\000o\000u\000n\000d}{section.1}% 2
\BOOKMARK [2][-]{subsection.1.2}{\376\377\0001\000.\0002\000\040\000H\000y\000p\000e\000r\000u\000n\000i\000f\000o\000r\000m\000i\000t\000y}{section.1}% 3
\BOOKMARK [2][-]{subsection.1.3}{\376\377\0001\000.\0003\000\040\000A\000n\000t\000i\000a\000l\000i\000g\000n\000i\000n\000g\000\040\000I\000n\000t\000e\000r\000a\000c\000t\000i\000o\000n\000s}{section.1}% 4
\BOOKMARK [2][-]{subsection.1.4}{\376\377\0001\000.\0004\000\040\000M\000a\000i\000n\000\040\000C\000o\000n\000t\000r\000i\000b\000u\000t\000i\000o\000n\000s\000\040\000o\000f\000\040\000t\000h\000e\000\040\000P\000a\000p\000e\000r}{section.1}% 5
\BOOKMARK [1][-]{section.2}{\376\377\0002\000\040\000O\000n\000e\000-\000D\000i\000m\000e\000n\000s\000i\000o\000n\000a\000l\000\040\000P\000e\000d\000a\000g\000o\000g\000i\000c\000a\000l\000\040\000M\000o\000d\000e\000l}{}% 6
\BOOKMARK [2][-]{subsection.2.1}{\376\377\0002\000.\0001\000\040\000M\000o\000d\000e\000l\000\040\000D\000e\000f\000i\000n\000i\000t\000i\000o\000n}{section.2}% 7
\BOOKMARK [2][-]{subsection.2.2}{\376\377\0002\000.\0002\000\040\000M\000a\000s\000t\000e\000r\000\040\000E\000q\000u\000a\000t\000i\000o\000n}{section.2}% 8
\BOOKMARK [3][-]{subsubsection.2.2.1}{\376\377\0002\000.\0002\000.\0001\000\040\000E\000x\000p\000l\000i\000c\000i\000t\000\040\000E\000x\000p\000r\000e\000s\000s\000i\000o\000n\000s\000\040\000f\000o\000r\000\040\000P\000r\000o\000b\000a\000b\000i\000l\000i\000t\000y\000\040\000C\000u\000r\000r\000e\000n\000t\000s}{subsection.2.2}% 9
\BOOKMARK [2][-]{subsection.2.3}{\376\377\0002\000.\0003\000\040\000P\000o\000i\000s\000s\000o\000n\000\040\000R\000e\000p\000r\000e\000s\000e\000n\000t\000a\000t\000i\000o\000n}{section.2}% 10
\BOOKMARK [3][-]{subsubsection.2.3.1}{\376\377\0002\000.\0003\000.\0001\000\040\000C\000o\000r\000e\000\040\000I\000d\000e\000a}{subsection.2.3}% 11
\BOOKMARK [3][-]{subsubsection.2.3.2}{\376\377\0002\000.\0003\000.\0002\000\040\000M\000i\000s\000m\000a\000t\000c\000h\000\040\000B\000e\000t\000w\000e\000e\000n\000\040\000G\000e\000n\000e\000r\000a\000l\000\040\000D\000i\000s\000c\000r\000e\000t\000e\000\040\000P\000r\000o\000c\000e\000s\000s\000e\000s\000\040\000a\000n\000d\000\040\000P\000o\000i\000s\000s\000o\000n\000\040\000P\000r\000o\000c\000e\000s\000s\000e\000s}{subsection.2.3}% 12
\BOOKMARK [3][-]{subsubsection.2.3.3}{\376\377\0002\000.\0003\000.\0003\000\040\000R\000e\000p\000l\000a\000c\000e\000m\000e\000n\000t\000\040\000R\000u\000l\000e\000s\000:\000\040\000F\000r\000o\000m\000\040\000M\000a\000s\000t\000e\000r\000\040\000E\000q\000u\000a\000t\000i\000o\000n\000\040\000t\000o\000\040\000F\000o\000k\000k\000e\000r\000-\000P\000l\000a\000n\000c\000k\000\040\000E\000q\000u\000a\000t\000i\000o\000n}{subsection.2.3}% 13
\BOOKMARK [3][-]{subsubsection.2.3.4}{\376\377\0002\000.\0003\000.\0004\000\040\000D\000e\000t\000a\000i\000l\000e\000d\000\040\000D\000e\000r\000i\000v\000a\000t\000i\000o\000n\000:\000\040\000O\000b\000t\000a\000i\000n\000i\000n\000g\000\040\000t\000h\000e\000\040\000R\000e\000p\000l\000a\000c\000e\000m\000e\000n\000t\000\040\000R\000u\000l\000e\000s}{subsection.2.3}% 14
\BOOKMARK [2][-]{subsection.2.4}{\376\377\0002\000.\0004\000\040\000F\000o\000k\000k\000e\000r\000-\000P\000l\000a\000n\000c\000k\000\040\000E\000q\000u\000a\000t\000i\000o\000n}{section.2}% 15
\BOOKMARK [3][-]{subsubsection.2.4.1}{\376\377\0002\000.\0004\000.\0001\000\040\000S\000t\000r\000e\000a\000m\000i\000n\000g\000\040\000C\000o\000n\000t\000r\000i\000b\000u\000t\000i\000o\000n\000\040\000F}{subsection.2.4}% 16
\BOOKMARK [3][-]{subsubsection.2.4.2}{\376\377\0002\000.\0004\000.\0002\000\040\000C\000o\000n\000v\000e\000r\000s\000i\000o\000n\000\040\000C\000o\000n\000t\000r\000i\000b\000u\000t\000i\000o\000n\000\040\000F\000r}{subsection.2.4}% 17
\BOOKMARK [3][-]{subsubsection.2.4.3}{\376\377\0002\000.\0004\000.\0003\000\040\000N\000o\000i\000s\000e\000\040\000T\000e\000r\000m\000\040\000J}{subsection.2.4}% 18
\BOOKMARK [2][-]{subsection.2.5}{\376\377\0002\000.\0005\000\040\000D\000e\000t\000e\000r\000m\000i\000n\000i\000s\000t\000i\000c\000\040\000E\000q\000u\000a\000t\000i\000o\000n\000s\000\040\000o\000f\000\040\000M\000o\000t\000i\000o\000n}{section.2}% 19
\BOOKMARK [2][-]{subsection.2.6}{\376\377\0002\000.\0006\000\040\000N\000o\000i\000s\000e\000\040\000A\000n\000a\000l\000y\000s\000i\000s}{section.2}% 20
\BOOKMARK [3][-]{subsubsection.2.6.1}{\376\377\0002\000.\0006\000.\0001\000\040\000M\000a\000t\000r\000i\000x\000\040\000S\000q\000u\000a\000r\000e\000\040\000R\000o\000o\000t\000\040\000a\000n\000d\000\040\000I\000m\000a\000g\000i\000n\000a\000r\000y\000\040\000N\000o\000i\000s\000e}{subsection.2.6}% 21
\BOOKMARK [2][-]{subsection.2.7}{\376\377\0002\000.\0007\000\040\000L\000a\000n\000g\000e\000v\000i\000n\000\040\000E\000q\000u\000a\000t\000i\000o\000n\000s}{section.2}% 22
\BOOKMARK [2][-]{subsection.2.8}{\376\377\0002\000.\0008\000\040\000A\000n\000a\000l\000y\000t\000i\000c\000a\000l\000\040\000C\000a\000l\000c\000u\000l\000a\000t\000i\000o\000n\000\040\000o\000f\000\040\000t\000h\000e\000\040\000S\000t\000r\000u\000c\000t\000u\000r\000e\000\040\000F\000a\000c\000t\000o\000r}{section.2}% 23
\BOOKMARK [3][-]{subsubsection.2.8.1}{\376\377\0002\000.\0008\000.\0001\000\040\000L\000i\000n\000e\000a\000r\000i\000z\000a\000t\000i\000o\000n\000\040\000a\000n\000d\000\040\000S\000i\000m\000p\000l\000i\000f\000i\000c\000a\000t\000i\000o\000n}{subsection.2.8}% 24
\BOOKMARK [3][-]{subsubsection.2.8.2}{\376\377\0002\000.\0008\000.\0002\000\040\000O\000v\000e\000r\000d\000a\000m\000p\000e\000d\000\040\000A\000p\000p\000r\000o\000x\000i\000m\000a\000t\000i\000o\000n}{subsection.2.8}% 25
\BOOKMARK [3][-]{subsubsection.2.8.3}{\376\377\0002\000.\0008\000.\0003\000\040\000F\000i\000r\000s\000t\000-\000O\000r\000d\000e\000r\000\040\000L\000a\000n\000g\000e\000v\000i\000n\000\040\000E\000q\000u\000a\000t\000i\000o\000n}{subsection.2.8}% 26
\BOOKMARK [3][-]{subsubsection.2.8.4}{\376\377\0002\000.\0008\000.\0004\000\040\000D\000e\000f\000i\000n\000i\000t\000i\000o\000n\000\040\000o\000f\000\040\000C\000o\000r\000r\000e\000l\000a\000t\000e\000d\000\040\000N\000o\000i\000s\000e}{subsection.2.8}% 27
\BOOKMARK [3][-]{subsubsection.2.8.5}{\376\377\0002\000.\0008\000.\0005\000\040\000F\000i\000n\000a\000l\000\040\000E\000x\000p\000r\000e\000s\000s\000i\000o\000n\000\040\000f\000o\000r\000\040\000t\000h\000e\000\040\000S\000t\000r\000u\000c\000t\000u\000r\000e\000\040\000F\000a\000c\000t\000o\000r}{subsection.2.8}% 28
\BOOKMARK [3][-]{subsubsection.2.8.6}{\376\377\0002\000.\0008\000.\0006\000\040\000P\000h\000y\000s\000i\000c\000a\000l\000\040\000A\000n\000a\000l\000y\000s\000i\000s}{subsection.2.8}% 29
\BOOKMARK [2][-]{subsection.2.9}{\376\377\0002\000.\0009\000\040\000N\000u\000m\000e\000r\000i\000c\000a\000l\000\040\000V\000e\000r\000i\000f\000i\000c\000a\000t\000i\000o\000n\000\040\000\050\000O\000n\000e\000-\000D\000i\000m\000e\000n\000s\000i\000o\000n\000a\000l\000\040\000M\000o\000d\000e\000l\000\051}{section.2}% 30
\BOOKMARK [1][-]{section.3}{\376\377\0003\000\040\000T\000w\000o\000-\000D\000i\000m\000e\000n\000s\000i\000o\000n\000a\000l\000\040\000V\000i\000c\000s\000e\000k\000-\000l\000i\000k\000e\000\040\000M\000o\000d\000e\000l}{}% 31
\BOOKMARK [2][-]{subsection.3.1}{\376\377\0003\000.\0001\000\040\000M\000o\000d\000e\000l\000\040\000D\000e\000f\000i\000n\000i\000t\000i\000o\000n}{section.3}% 32
\BOOKMARK [3][-]{subsubsection.3.1.1}{\376\377\0003\000.\0001\000.\0001\000\040\000E\000q\000u\000a\000t\000i\000o\000n\000s\000\040\000o\000f\000\040\000M\000o\000t\000i\000o\000n}{subsection.3.1}% 33
\BOOKMARK [2][-]{subsection.3.2}{\376\377\0003\000.\0002\000\040\000N\000u\000m\000e\000r\000i\000c\000a\000l\000\040\000S\000i\000m\000u\000l\000a\000t\000i\000o\000n\000\040\000M\000e\000t\000h\000o\000d\000s}{section.3}% 34
\BOOKMARK [3][-]{subsubsection.3.2.1}{\376\377\0003\000.\0002\000.\0001\000\040\000S\000i\000m\000u\000l\000a\000t\000i\000o\000n\000\040\000P\000a\000r\000a\000m\000e\000t\000e\000r\000s}{subsection.3.2}% 35
\BOOKMARK [3][-]{subsubsection.3.2.2}{\376\377\0003\000.\0002\000.\0002\000\040\000E\000s\000t\000i\000m\000a\000t\000e\000\040\000o\000f\000\040\000C\000r\000i\000t\000i\000c\000a\000l\000\040\000N\000o\000i\000s\000e}{subsection.3.2}% 36
\BOOKMARK [2][-]{subsection.3.3}{\376\377\0003\000.\0003\000\040\000N\000u\000m\000e\000r\000i\000c\000a\000l\000\040\000R\000e\000s\000u\000l\000t\000s}{section.3}% 37
\BOOKMARK [3][-]{subsubsection.3.3.1}{\376\377\0003\000.\0003\000.\0001\000\040\000A\000p\000p\000a\000r\000e\000n\000t\000\040\000H\000y\000p\000e\000r\000u\000n\000i\000f\000o\000r\000m\000\040\000B\000e\000h\000a\000v\000i\000o\000r}{subsection.3.3}% 38
\BOOKMARK [3][-]{subsubsection.3.3.2}{\376\377\0003\000.\0003\000.\0002\000\040\000W\000a\000r\000n\000i\000n\000g\000\040\000a\000b\000o\000u\000t\000\040\000S\000p\000u\000r\000i\000o\000u\000s\000\040\000H\000y\000p\000e\000r\000u\000n\000i\000f\000o\000r\000m\000i\000t\000y}{subsection.3.3}% 39
\BOOKMARK [3][-]{subsubsection.3.3.3}{\376\377\0003\000.\0003\000.\0003\000\040\000E\000x\000p\000l\000o\000r\000a\000t\000i\000o\000n\000\040\000o\000f\000\040\000P\000a\000r\000a\000m\000e\000t\000e\000r\000\040\000S\000p\000a\000c\000e}{subsection.3.3}% 40
\BOOKMARK [3][-]{subsubsection.3.3.4}{\376\377\0003\000.\0003\000.\0004\000\040\000C\000o\000l\000l\000a\000p\000s\000e\000\040\000o\000f\000\040\000t\000h\000e\000\040\000E\000f\000f\000e\000c\000t\000\040\000d\000u\000e\000\040\000t\000o\000\040\000N\000o\000i\000s\000e}{subsection.3.3}% 41
\BOOKMARK [1][-]{section.4}{\376\377\0004\000\040\000S\000u\000m\000m\000a\000r\000y\000\040\000a\000n\000d\000\040\000D\000i\000s\000c\000u\000s\000s\000i\000o\000n}{}% 42
\BOOKMARK [2][-]{subsection.4.1}{\376\377\0004\000.\0001\000\040\000M\000a\000i\000n\000\040\000C\000o\000n\000c\000l\000u\000s\000i\000o\000n\000s}{section.4}% 43
\BOOKMARK [2][-]{subsection.4.2}{\376\377\0004\000.\0002\000\040\000V\000a\000l\000u\000e\000\040\000o\000f\000\040\000t\000h\000e\000\040\000T\000h\000e\000o\000r\000e\000t\000i\000c\000a\000l\000\040\000M\000e\000t\000h\000o\000d}{section.4}% 44
\BOOKMARK [2][-]{subsection.4.3}{\376\377\0004\000.\0003\000\040\000O\000p\000e\000n\000\040\000Q\000u\000e\000s\000t\000i\000o\000n\000s}{section.4}% 45
