\BOOKMARK [1][-]{section.1}{\376\377\152\041\127\213}{}% 1
\BOOKMARK [2][-]{subsection.1.1}{\376\377\134\100\220\350\200\046\124\010\116\055\215\350\217\271\165\114\127\120\150\007\166\204\214\003\145\164}{section.1}% 2
\BOOKMARK [1][-]{section.2}{\376\377\145\160\120\074\152\041\142\337\176\323\147\234}{}% 3
\BOOKMARK [2][-]{subsubsection.2.0.1}{\376\377\166\370\117\115\123\125\117\115\127\006}{section.2}% 4
\BOOKMARK [3][-]{subsubsection.2.0.2}{\376\377\143\057\133\120\145\313\217\154\116\055\137\303\166\204\127\120\150\007}{subsubsection.2.0.1}% 5
\BOOKMARK [1][-]{section.3}{\376\377\136\217\123\302\221\317}{}% 6
\BOOKMARK [2][-]{subsubsection.3.0.1}{\376\377\127\372\116\216\214\003\145\164\200\046\124\010\215\335\171\273\166\204\200\132\174\173\173\227\154\325}{section.3}% 7
\BOOKMARK [3][-]{subsubsection.3.0.2}{\376\377\136\217\123\302\221\317\166\204\140\035\200\003\217\307\172\013}{subsubsection.3.0.1}% 8
\BOOKMARK [1][-]{section.4}{\376\377\164\006\213\272\122\006\147\220}{}% 9
\BOOKMARK [2][-]{subsection.4.1}{\376\377\123\125\116\052\143\057\133\120\166\204\217\320\122\250\225\356\230\230\377\010\145\340\166\370\116\222\117\134\165\050\377\011}{section.4}% 10
\BOOKMARK [2][-]{subsection.4.2}{\376\377\226\306\177\244\140\001\166\370\220\037\136\246\166\204\143\250\133\374}{section.4}% 11
\BOOKMARK [2][-]{subsection.4.3}{\376\377\176\331\133\232\117\134\165\050\123\112\137\204\000d\0000\116\013\116\064\165\114\200\046\124\010\137\072\136\246\000c\166\204\154\102\211\343}{section.4}% 12
\BOOKMARK [3][-]{subsubsection.4.3.1}{\376\377\163\257\140\001\116\064\165\114\200\046\124\010\137\072\136\246\000c\0001}{subsection.4.3}% 13
\BOOKMARK [3][-]{subsubsection.4.3.2}{\376\377\226\306\177\244\140\001\116\064\165\114\200\046\124\010\137\072\136\246\000c\0002}{subsection.4.3}% 14
\BOOKMARK [3][-]{subsubsection.4.3.3}{\376\377\124\014\142\113\140\047\143\057\133\120\121\150\124\014\153\145\116\064\165\114\200\046\124\010\137\072\136\246\000c\0003}{subsection.4.3}% 15
\BOOKMARK [3][-]{subsubsection.4.3.4}{\376\377\167\254\145\366\124\014\153\145\140\001\116\064\165\114\200\046\124\010\137\072\136\246\000c\0004}{subsection.4.3}% 16
\BOOKMARK [2][-]{subsection.4.4}{\376\377\172\063\133\232\140\047\122\006\147\220\000\040\000\050\141\017\116\111\137\205\133\232\000\051}{section.4}% 17
\BOOKMARK [2][-]{subsection.4.5}{\376\377\124\014\137\002\142\113\140\047\143\057\133\120\225\364\166\204\166\370\116\222\117\134\165\050}{section.4}% 18
\BOOKMARK [3][-]{subsubsection.4.5.1}{\376\377\137\002\142\113\140\047\143\057\133\120\225\364\166\204\143\222\145\245\117\134\165\050}{subsection.4.5}% 19
\BOOKMARK [3][-]{subsubsection.4.5.2}{\376\377\124\014\142\113\140\047\143\057\133\120\225\364\166\204\124\070\137\025\117\134\165\050}{subsection.4.5}% 20
\BOOKMARK [1][-]{section.5}{\376\377\123\125\142\113\140\047\152\041\127\213\163\257\140\001\166\204\176\306\201\364\122\073\165\073}{}% 21
